
Cadence Innovus(TM) Implementation System.
Copyright 2015 Cadence Design Systems, Inc. All rights reserved worldwide.

Version:	v15.20-p005_1, built Wed Nov 11 11:16:39 PST 2015
Options:	
Date:		Sun Aug 21 03:51:54 2022
Host:		IC (x86_64 w/Linux 2.6.32-573.el6.x86_64) (4cores*8cpus*Intel(R) Core(TM) i5-8250U CPU @ 1.60GHz 6144KB)
OS:		Red Hat Enterprise Linux Server release 6.7 (Santiago)

License:
		invs	Innovus Implementation System	15.2	Denied
		invsb	Innovus Implementation System Basic	15.2	Denied
		fexl	First Encounter XL	15.2	checkout succeeded
		2 CPU jobs allowed with the current license(s). Use setMultiCpuUsage to set your required CPU count.

**INFO:  MMMC transition support version v31-84 

<CMD> set_global _enable_mmmc_by_default_flow      $CTE::mmmc_default
<CMD> suppressMessage ENCEXT-2799
<CMD> getDrawView
<CMD> loadWorkspace -name Physical
<CMD> win
<CMD> save_global Default.globals
<CMD> init_design
**ERROR: (TCLCMD-989):	cannot open SDC file '/home/IC/Projects/System/Backend/DFT/sdc/SYS_TOP_func.sdc' for mode 'func_constraints'
<CMD> init_design
**ERROR: (TCLCMD-989):	cannot open SDC file '/home/IC/Projects/System/Backend/DFT/sdc/SYS_TOP_func.sdc' for mode 'func_constraints'
<CMD> init_design
**ERROR: (TCLCMD-989):	cannot open SDC file '/home/IC/Projects/System/Backend/DFT/sdc/SYS_TOP_func.sdc' for mode 'func_constraints'
<CMD> init_design
**ERROR: (TCLCMD-989):	cannot open SDC file '/home/IC/Projects/System/Backend/DFT/sdc/SYS_TOP_func.sdc' for mode 'func_constraints'
<CMD> init_design
**ERROR: (TCLCMD-989):	cannot open SDC file '/home/IC/Projects/System/Backend/DFT/sdc/SYS_TOP_func.sdc' for mode 'func_constraints'
<CMD> init_design
**ERROR: (TCLCMD-989):	cannot open SDC file '/home/IC/Projects/System/Backend/DFT/sdc/SYS_TOP_func.sdc' for mode 'func_constraints'
<CMD> init_design
**ERROR: (TCLCMD-989):	cannot open SDC file '/home/IC/Projects/System/Backend/DFT/sdc/SYS_TOP_func.sdc' for mode 'func_constraints'
<CMD> init_design
**ERROR: (TCLCMD-989):	cannot open SDC file '/home/IC/Projects/System/Backend/DFT/sdc/SYS_TOP_func.sdc' for mode 'func_constraints'
