###############################################################
#  Generated by:      Cadence Innovus 15.20-p005_1
#  OS:                Linux x86_64(Host ID IC)
#  Generated on:      Mon Sep 19 02:30:56 2022
#  Design:            SYS_TOP
#  Command:           verifyGeometry
###############################################################

AREA: IOPin of Net scan_clk  ( METAL2 )
Bounds : ( -0.100, 83.100 ) ( 0.100, 83.300 )
Actual:     0.04     Min:     0.144


AREA: IOPin of Net scan_rst  ( METAL2 )
Bounds : ( -0.100, 78.100 ) ( 0.100, 78.300 )
Actual:     0.04     Min:     0.144


AREA: IOPin of Net test_mode  ( METAL2 )
Bounds : ( -0.100, 88.100 ) ( 0.100, 88.300 )
Actual:     0.04     Min:     0.144


AREA: IOPin of Net SE  ( METAL2 )
Bounds : ( -0.100, 93.100 ) ( 0.100, 93.300 )
Actual:     0.04     Min:     0.144


AREA: IOPin of Net SI[2]  ( METAL2 )
Bounds : ( -0.100, 98.100 ) ( 0.100, 98.300 )
Actual:     0.04     Min:     0.144


AREA: IOPin of Net SI[1]  ( METAL2 )
Bounds : ( -0.100, 103.100 ) ( 0.100, 103.300 )
Actual:     0.04     Min:     0.144


AREA: IOPin of Net SI[0]  ( METAL2 )
Bounds : ( -0.100, 108.100 ) ( 0.100, 108.300 )
Actual:     0.04     Min:     0.144


AREA: IOPin of Net SO[1]  ( METAL3 )
Bounds : ( 240.570, 103.100 ) ( 240.770, 103.300 )
Actual:     0.04     Min:     0.144


AREA: IOPin of Net SO[0]  ( METAL3 )
Bounds : ( 240.570, 108.100 ) ( 240.770, 108.300 )
Actual:     0.04     Min:     0.144


AREA: IOPin of Net RST_N  ( METAL2 )
Bounds : ( -0.100, 73.100 ) ( 0.100, 73.300 )
Actual:     0.04     Min:     0.144


AREA: IOPin of Net UART_CLK  ( METAL2 )
Bounds : ( -0.100, 68.100 ) ( 0.100, 68.300 )
Actual:     0.04     Min:     0.144


AREA: IOPin of Net REF_CLK  ( METAL2 )
Bounds : ( -0.100, 63.100 ) ( 0.100, 63.300 )
Actual:     0.04     Min:     0.144


AREA: IOPin of Net UART_RX_IN  ( METAL2 )
Bounds : ( -0.100, 58.100 ) ( 0.100, 58.300 )
Actual:     0.04     Min:     0.144


AREA: IOPin of Net UART_TX_O  ( METAL3 )
Bounds : ( 240.570, 93.100 ) ( 240.770, 93.300 )
Actual:     0.04     Min:     0.144


AREA: IOPin of Net parity_error  ( METAL3 )
Bounds : ( 240.570, 88.100 ) ( 240.770, 88.300 )
Actual:     0.04     Min:     0.144


AREA: IOPin of Net framing_error  ( METAL3 )
Bounds : ( 240.570, 83.100 ) ( 240.770, 83.300 )
Actual:     0.04     Min:     0.144


SPACING: Special Wire of Net VDD & Special Wire of Net VDD  ( METAL1 )
Bounds : ( 0.205, 0.130 ) ( 240.465, 0.205 )
Actual:     0.075     Min:     0.18     Type: LengthThreshold  SameNetGap


SPACING: Special Wire of Net VDD & IOPin of Net UART_RX_IN  ( METAL2 )
Bounds : ( 0.100, 58.100 ) ( 0.205, 58.300 )
Actual:     0.105     Min:     0.24


SPACING: Special Wire of Net VDD & IOPin of Net REF_CLK  ( METAL2 )
Bounds : ( 0.100, 63.100 ) ( 0.205, 63.300 )
Actual:     0.105     Min:     0.24


SPACING: Special Wire of Net VDD & IOPin of Net UART_CLK  ( METAL2 )
Bounds : ( 0.100, 68.100 ) ( 0.205, 68.300 )
Actual:     0.105     Min:     0.24


SPACING: Special Wire of Net VDD & IOPin of Net RST_N  ( METAL2 )
Bounds : ( 0.100, 73.100 ) ( 0.205, 73.300 )
Actual:     0.105     Min:     0.24


SPACING: Special Wire of Net VDD & IOPin of Net scan_rst  ( METAL2 )
Bounds : ( 0.100, 78.100 ) ( 0.205, 78.300 )
Actual:     0.105     Min:     0.24


SPACING: Special Wire of Net VDD & IOPin of Net scan_clk  ( METAL2 )
Bounds : ( 0.100, 83.100 ) ( 0.205, 83.300 )
Actual:     0.105     Min:     0.24


SPACING: Special Wire of Net VDD & IOPin of Net test_mode  ( METAL2 )
Bounds : ( 0.100, 88.100 ) ( 0.205, 88.300 )
Actual:     0.105     Min:     0.24


SPACING: Special Wire of Net VDD & IOPin of Net SE  ( METAL2 )
Bounds : ( 0.100, 93.100 ) ( 0.205, 93.300 )
Actual:     0.105     Min:     0.24


SPACING: Special Wire of Net VDD & IOPin of Net SI[2]  ( METAL2 )
Bounds : ( 0.100, 98.100 ) ( 0.205, 98.300 )
Actual:     0.105     Min:     0.24


SPACING: Special Wire of Net VDD & IOPin of Net SI[1]  ( METAL2 )
Bounds : ( 0.100, 103.100 ) ( 0.205, 103.300 )
Actual:     0.105     Min:     0.24


SPACING: Special Wire of Net VDD & IOPin of Net SI[0]  ( METAL2 )
Bounds : ( 0.100, 108.100 ) ( 0.205, 108.300 )
Actual:     0.105     Min:     0.24



Begin Summary ...
  Cells       : 0
  SameNet     : 1
  Wiring      : 27
  Antenna     : 0
  Short       : 0
  Overlap     : 0
End Summary

  Total Violations : 28 Viols.
