 
****************************************
Report : area
Design : SYS_TOP
Version: K-2015.06
Date   : Sun Aug 21 01:05:02 2022
****************************************

Library(s) Used:

    scmetro_tsmc_cl013g_rvt_ss_1p08v_125c (File: /home/IC/tsmc_fb_cl013g_sc/aci/sc-m/synopsys/scmetro_tsmc_cl013g_rvt_ss_1p08v_125c.db)

Number of ports:                          722
Number of nets:                          2150
Number of cells:                         1420
Number of combinational cells:           1101
Number of sequential cells:               288
Number of macros/black boxes:               0
Number of buf/inv:                        218
Number of references:                      14

Combinational area:              10327.896062
Buf/Inv area:                      816.629818
Noncombinational area:            7167.279612
Macro/Black Box area:                0.000000
Net Interconnect area:      undefined  (No wire load specified)

Total cell area:                 17495.175673
Total area:                 undefined

Hierarchical area distribution
------------------------------

                                  Global cell area            Local cell area
                                  -------------------  ----------------------------- 
Hierarchical cell                 Absolute    Percent  Combi-      Noncombi-  Black-
                                  Total       Total    national    national   boxes   Design
--------------------------------  ----------  -------  ----------  ---------  ------  ----------------
SYS_TOP                           17495.1757    100.0     29.4175     0.0000  0.0000  SYS_TOP
U0_ALU                             5551.6706     31.7   1023.7290   440.0858  0.0000  ALU
U0_ALU/add_43                       231.8099      1.3    231.8099     0.0000  0.0000  ALU_DW01_add_0
U0_ALU/div_52                      1434.3973      8.2   1434.3973     0.0000  0.0000  ALU_DW_div_uns_0
U0_ALU/mult_49                     2155.7144     12.3   1914.4909     0.0000  0.0000  ALU_DW02_mult_0
U0_ALU/mult_49/FS_1                 241.2235      1.4    241.2235     0.0000  0.0000  ALU_DW01_add_1
U0_ALU/sub_46                       265.9342      1.5    265.9342     0.0000  0.0000  ALU_DW01_sub_0
U0_CLK_GATE                          40.0078      0.2      0.0000    40.0078  0.0000  CLK_GATE
U0_ClkDiv                           360.0702      2.1    230.6332   129.4370  0.0000  ClkDiv
U0_RST_SYNC                          51.7748      0.3      0.0000    51.7748  0.0000  RST_SYNC_0
U0_RegFile                         6088.2458     34.8   2541.6721  3546.5738  0.0000  RegFile
U0_SYS_CTRL                        1826.2384     10.4     10.5903     0.0000  0.0000  SYS_CTRL
U0_SYS_CTRL/U0_CTRL_RX             1508.5294      8.6    675.4258   833.1036  0.0000  CTRL_RX
U0_SYS_CTRL/U0_CTRL_TX              307.1187      1.8    229.4565    77.6622  0.0000  CTRL_TX
U0_UART                            2653.4585     15.2      7.0602     0.0000  0.0000  UART
U0_UART/U0_UART_RX                 1487.3488      8.5      7.0602     0.0000  0.0000  UART_RX
U0_UART/U0_UART_RX/U0_data_sampling
                                    377.7207      2.2    274.1711   103.5496  0.0000  data_sampling
U0_UART/U0_UART_RX/U0_deserializer
                                    301.2352      1.7     94.1360   207.0992  0.0000  deserializer
U0_UART/U0_UART_RX/U0_edge_bit_counter
                                    304.7653      1.7    122.3768   182.3885  0.0000  edge_bit_counter
U0_UART/U0_UART_RX/U0_par_chk       145.9108      0.8    110.6098    35.3010  0.0000  par_chk
U0_UART/U0_UART_RX/U0_stp_chk        47.0680      0.3     11.7670    35.3010  0.0000  stp_chk
U0_UART/U0_UART_RX/U0_strt_chk       37.6544      0.2     11.7670    25.8874  0.0000  strt_chk
U0_UART/U0_UART_RX/U0_uart_fsm      265.9342      1.5    188.2720    77.6622  0.0000  uart_rx_fsm
U0_UART/U0_UART_TX                 1159.0495      6.6      7.0602     0.0000  0.0000  UART_TX
U0_UART/U0_UART_TX/U0_Serializer    470.6800      2.7    185.9186   284.7614  0.0000  Serializer
U0_UART/U0_UART_TX/U0_fsm           192.9788      1.1     89.4292   103.5496  0.0000  uart_tx_fsm
U0_UART/U0_UART_TX/U0_mux            62.3651      0.4     27.0641    35.3010  0.0000  mux
U0_UART/U0_UART_TX/U0_parity_calc   425.9654      2.4    192.9788   232.9866  0.0000  parity_calc
U0_bit_sync                          51.7748      0.3      0.0000    51.7748  0.0000  BIT_SYNC
U0_ref_sync                         395.3712      2.3     84.7224   310.6488  0.0000  DATA_SYNC_0
U1_RST_SYNC                          51.7748      0.3      0.0000    51.7748  0.0000  RST_SYNC_1
U1_uart_sync                        395.3712      2.3     84.7224   310.6488  0.0000  DATA_SYNC_1
--------------------------------  ----------  -------  ----------  ---------  ------  ----------------
Total                                                  10327.8961  7167.2796  0.0000

1
